0 info it worked if it ends with ok
1 verbose cli [ '/usr/bin/nodejs', '/usr/bin/npm', 'update' ]
2 info using npm@3.5.2
3 info using node@v4.2.6
4 silly mapToRegistry name bignum
5 silly mapToRegistry using default registry
6 silly mapToRegistry registry https://registry.npmjs.org/
7 silly mapToRegistry uri https://registry.npmjs.org/bignum
8 silly mapToRegistry name async
9 silly mapToRegistry using default registry
10 silly mapToRegistry registry https://registry.npmjs.org/
11 silly mapToRegistry uri https://registry.npmjs.org/async
12 silly mapToRegistry name redis
13 silly mapToRegistry using default registry
14 silly mapToRegistry registry https://registry.npmjs.org/
15 silly mapToRegistry uri https://registry.npmjs.org/redis
16 silly mapToRegistry name cli-color
17 silly mapToRegistry using default registry
18 silly mapToRegistry registry https://registry.npmjs.org/
19 silly mapToRegistry uri https://registry.npmjs.org/cli-color
20 silly mapToRegistry name dateformat
21 silly mapToRegistry using default registry
22 silly mapToRegistry registry https://registry.npmjs.org/
23 silly mapToRegistry uri https://registry.npmjs.org/dateformat
24 silly mapToRegistry name base58-native
25 silly mapToRegistry using default registry
26 silly mapToRegistry registry https://registry.npmjs.org/
27 silly mapToRegistry uri https://registry.npmjs.org/base58-native
28 verbose request uri https://registry.npmjs.org/bignum
29 verbose request no auth needed
30 info attempt registry request try #1 at 10:18:05 PM
31 verbose request id 9cc1b52e43d1a6db
32 http request GET https://registry.npmjs.org/bignum
33 verbose request uri https://registry.npmjs.org/async
34 verbose request no auth needed
35 info attempt registry request try #1 at 10:18:05 PM
36 http request GET https://registry.npmjs.org/async
37 verbose request uri https://registry.npmjs.org/redis
38 verbose request no auth needed
39 info attempt registry request try #1 at 10:18:05 PM
40 http request GET https://registry.npmjs.org/redis
41 verbose request uri https://registry.npmjs.org/cli-color
42 verbose request no auth needed
43 info attempt registry request try #1 at 10:18:05 PM
44 http request GET https://registry.npmjs.org/cli-color
45 verbose request uri https://registry.npmjs.org/dateformat
46 verbose request no auth needed
47 info attempt registry request try #1 at 10:18:05 PM
48 http request GET https://registry.npmjs.org/dateformat
49 verbose request uri https://registry.npmjs.org/base58-native
50 verbose request no auth needed
51 info attempt registry request try #1 at 10:18:05 PM
52 http request GET https://registry.npmjs.org/base58-native
53 http 200 https://registry.npmjs.org/async
54 verbose headers { date: 'Sun, 03 Jun 2018 05:19:18 GMT',
54 verbose headers   'content-type': 'application/json; charset=UTF-8',
54 verbose headers   'transfer-encoding': 'chunked',
54 verbose headers   connection: 'keep-alive',
54 verbose headers   'set-cookie': [ '__cfduid=d542d609cca70818b12630ebb9d2dfba41528003158; expires=Mon, 03-Jun-19 05:19:18 GMT; path=/; domain=.registry.npmjs.org; HttpOnly' ],
54 verbose headers   'cache-control': 'max-age=300',
54 verbose headers   'cf-cache-status': 'HIT',
54 verbose headers   'cf-ray': '424fb43ecb7b2cc9-KUL',
54 verbose headers   etag: 'W/"2471656827988c405ca01259ec1641b2"',
54 verbose headers   'expect-ct': 'max-age=604800, report-uri="https://report-uri.cloudflare.com/cdn-cgi/beacon/expect-ct"',
54 verbose headers   'last-modified': 'Sat, 26 May 2018 01:09:19 GMT',
54 verbose headers   vary: 'accept-encoding, accept',
54 verbose headers   server: 'cloudflare',
54 verbose headers   'content-encoding': 'gzip' }
55 silly get cb [ 200,
55 silly get   { date: 'Sun, 03 Jun 2018 05:19:18 GMT',
55 silly get     'content-type': 'application/json; charset=UTF-8',
55 silly get     'transfer-encoding': 'chunked',
55 silly get     connection: 'keep-alive',
55 silly get     'set-cookie': [ '__cfduid=d542d609cca70818b12630ebb9d2dfba41528003158; expires=Mon, 03-Jun-19 05:19:18 GMT; path=/; domain=.registry.npmjs.org; HttpOnly' ],
55 silly get     'cache-control': 'max-age=300',
55 silly get     'cf-cache-status': 'HIT',
55 silly get     'cf-ray': '424fb43ecb7b2cc9-KUL',
55 silly get     etag: 'W/"2471656827988c405ca01259ec1641b2"',
55 silly get     'expect-ct': 'max-age=604800, report-uri="https://report-uri.cloudflare.com/cdn-cgi/beacon/expect-ct"',
55 silly get     'last-modified': 'Sat, 26 May 2018 01:09:19 GMT',
55 silly get     vary: 'accept-encoding, accept',
55 silly get     server: 'cloudflare',
55 silly get     'content-encoding': 'gzip' } ]
56 verbose get saving async to /root/.npm/registry.npmjs.org/async/.cache.json
57 verbose makeDirectory /root/.npm creation not in flight; initializing
58 http 200 https://registry.npmjs.org/redis
59 verbose headers { date: 'Sun, 03 Jun 2018 05:19:18 GMT',
59 verbose headers   'content-type': 'application/json; charset=UTF-8',
59 verbose headers   'transfer-encoding': 'chunked',
59 verbose headers   connection: 'keep-alive',
59 verbose headers   'set-cookie': [ '__cfduid=d66122d9e95336b9ef2aa9b879eef6b801528003158; expires=Mon, 03-Jun-19 05:19:18 GMT; path=/; domain=.registry.npmjs.org; HttpOnly' ],
59 verbose headers   'cache-control': 'max-age=300',
59 verbose headers   'cf-cache-status': 'HIT',
59 verbose headers   'cf-ray': '424fb43ece3e2ced-KUL',
59 verbose headers   etag: 'W/"c6b8b573f3ec2fbeefcf8280d8f31dbb"',
59 verbose headers   'expect-ct': 'max-age=604800, report-uri="https://report-uri.cloudflare.com/cdn-cgi/beacon/expect-ct"',
59 verbose headers   'last-modified': 'Sun, 27 May 2018 15:33:31 GMT',
59 verbose headers   vary: 'accept-encoding, accept',
59 verbose headers   server: 'cloudflare',
59 verbose headers   'content-encoding': 'gzip' }
60 silly get cb [ 200,
60 silly get   { date: 'Sun, 03 Jun 2018 05:19:18 GMT',
60 silly get     'content-type': 'application/json; charset=UTF-8',
60 silly get     'transfer-encoding': 'chunked',
60 silly get     connection: 'keep-alive',
60 silly get     'set-cookie': [ '__cfduid=d66122d9e95336b9ef2aa9b879eef6b801528003158; expires=Mon, 03-Jun-19 05:19:18 GMT; path=/; domain=.registry.npmjs.org; HttpOnly' ],
60 silly get     'cache-control': 'max-age=300',
60 silly get     'cf-cache-status': 'HIT',
60 silly get     'cf-ray': '424fb43ece3e2ced-KUL',
60 silly get     etag: 'W/"c6b8b573f3ec2fbeefcf8280d8f31dbb"',
60 silly get     'expect-ct': 'max-age=604800, report-uri="https://report-uri.cloudflare.com/cdn-cgi/beacon/expect-ct"',
60 silly get     'last-modified': 'Sun, 27 May 2018 15:33:31 GMT',
60 silly get     vary: 'accept-encoding, accept',
60 silly get     server: 'cloudflare',
60 silly get     'content-encoding': 'gzip' } ]
61 verbose get saving redis to /root/.npm/registry.npmjs.org/redis/.cache.json
62 silly makeDirectory /root/.npm uid: 0 gid: 0
63 verbose makeDirectory /root/.npm creation already in flight; waiting
64 http 200 https://registry.npmjs.org/dateformat
65 verbose headers { date: 'Sun, 03 Jun 2018 05:19:18 GMT',
65 verbose headers   'content-type': 'application/json; charset=UTF-8',
65 verbose headers   'transfer-encoding': 'chunked',
65 verbose headers   connection: 'keep-alive',
65 verbose headers   'set-cookie': [ '__cfduid=deca6e2af9ac6a5c6fb1c738f09fcf00f1528003158; expires=Mon, 03-Jun-19 05:19:18 GMT; path=/; domain=.registry.npmjs.org; HttpOnly' ],
65 verbose headers   'cache-control': 'max-age=300',
65 verbose headers   'cf-cache-status': 'HIT',
65 verbose headers   'cf-ray': '424fb43ecfad2d0b-KUL',
65 verbose headers   etag: 'W/"5a9ebec15922bfd196071870698c9eee"',
65 verbose headers   'expect-ct': 'max-age=604800, report-uri="https://report-uri.cloudflare.com/cdn-cgi/beacon/expect-ct"',
65 verbose headers   'last-modified': 'Sat, 26 May 2018 21:47:51 GMT',
65 verbose headers   vary: 'accept-encoding, accept',
65 verbose headers   server: 'cloudflare',
65 verbose headers   'content-encoding': 'gzip' }
66 silly get cb [ 200,
66 silly get   { date: 'Sun, 03 Jun 2018 05:19:18 GMT',
66 silly get     'content-type': 'application/json; charset=UTF-8',
66 silly get     'transfer-encoding': 'chunked',
66 silly get     connection: 'keep-alive',
66 silly get     'set-cookie': [ '__cfduid=deca6e2af9ac6a5c6fb1c738f09fcf00f1528003158; expires=Mon, 03-Jun-19 05:19:18 GMT; path=/; domain=.registry.npmjs.org; HttpOnly' ],
66 silly get     'cache-control': 'max-age=300',
66 silly get     'cf-cache-status': 'HIT',
66 silly get     'cf-ray': '424fb43ecfad2d0b-KUL',
66 silly get     etag: 'W/"5a9ebec15922bfd196071870698c9eee"',
66 silly get     'expect-ct': 'max-age=604800, report-uri="https://report-uri.cloudflare.com/cdn-cgi/beacon/expect-ct"',
66 silly get     'last-modified': 'Sat, 26 May 2018 21:47:51 GMT',
66 silly get     vary: 'accept-encoding, accept',
66 silly get     server: 'cloudflare',
66 silly get     'content-encoding': 'gzip' } ]
67 verbose get saving dateformat to /root/.npm/registry.npmjs.org/dateformat/.cache.json
68 http 200 https://registry.npmjs.org/base58-native
69 verbose headers { date: 'Sun, 03 Jun 2018 05:19:19 GMT',
69 verbose headers   'content-type': 'application/json; charset=UTF-8',
69 verbose headers   'transfer-encoding': 'chunked',
69 verbose headers   connection: 'keep-alive',
69 verbose headers   'set-cookie': [ '__cfduid=d40f37aa94b73b413354b968e1277de121528003158; expires=Mon, 03-Jun-19 05:19:18 GMT; path=/; domain=.registry.npmjs.org; HttpOnly' ],
69 verbose headers   'cache-control': 'max-age=300',
69 verbose headers   'cf-cache-status': 'MISS',
69 verbose headers   'cf-ray': '424fb43ec8102d05-KUL',
69 verbose headers   etag: 'W/"d74a6fe33e5626f8621a1019785e8a51"',
69 verbose headers   'expect-ct': 'max-age=604800, report-uri="https://report-uri.cloudflare.com/cdn-cgi/beacon/expect-ct"',
69 verbose headers   'last-modified': 'Sat, 26 May 2018 18:09:33 GMT',
69 verbose headers   vary: 'accept-encoding, accept',
69 verbose headers   server: 'cloudflare',
69 verbose headers   'content-encoding': 'gzip' }
70 silly get cb [ 200,
70 silly get   { date: 'Sun, 03 Jun 2018 05:19:19 GMT',
70 silly get     'content-type': 'application/json; charset=UTF-8',
70 silly get     'transfer-encoding': 'chunked',
70 silly get     connection: 'keep-alive',
70 silly get     'set-cookie': [ '__cfduid=d40f37aa94b73b413354b968e1277de121528003158; expires=Mon, 03-Jun-19 05:19:18 GMT; path=/; domain=.registry.npmjs.org; HttpOnly' ],
70 silly get     'cache-control': 'max-age=300',
70 silly get     'cf-cache-status': 'MISS',
70 silly get     'cf-ray': '424fb43ec8102d05-KUL',
70 silly get     etag: 'W/"d74a6fe33e5626f8621a1019785e8a51"',
70 silly get     'expect-ct': 'max-age=604800, report-uri="https://report-uri.cloudflare.com/cdn-cgi/beacon/expect-ct"',
70 silly get     'last-modified': 'Sat, 26 May 2018 18:09:33 GMT',
70 silly get     vary: 'accept-encoding, accept',
70 silly get     server: 'cloudflare',
70 silly get     'content-encoding': 'gzip' } ]
71 verbose get saving base58-native to /root/.npm/registry.npmjs.org/base58-native/.cache.json
72 http 200 https://registry.npmjs.org/bignum
73 verbose headers { date: 'Sun, 03 Jun 2018 05:19:19 GMT',
73 verbose headers   'content-type': 'application/json; charset=UTF-8',
73 verbose headers   'transfer-encoding': 'chunked',
73 verbose headers   connection: 'keep-alive',
73 verbose headers   'set-cookie': [ '__cfduid=d3970d8fbfdadd677338dbf28ac4a7f591528003158; expires=Mon, 03-Jun-19 05:19:18 GMT; path=/; domain=.registry.npmjs.org; HttpOnly' ],
73 verbose headers   'cache-control': 'max-age=300',
73 verbose headers   'cf-cache-status': 'REVALIDATED',
73 verbose headers   'cf-ray': '424fb43ea83c2ce7-KUL',
73 verbose headers   etag: 'W/"6ceb376483770d161064efacc3873b9c"',
73 verbose headers   'expect-ct': 'max-age=604800, report-uri="https://report-uri.cloudflare.com/cdn-cgi/beacon/expect-ct"',
73 verbose headers   'last-modified': 'Sat, 26 May 2018 18:24:09 GMT',
73 verbose headers   vary: 'accept-encoding, accept',
73 verbose headers   server: 'cloudflare',
73 verbose headers   'content-encoding': 'gzip' }
74 silly get cb [ 200,
74 silly get   { date: 'Sun, 03 Jun 2018 05:19:19 GMT',
74 silly get     'content-type': 'application/json; charset=UTF-8',
74 silly get     'transfer-encoding': 'chunked',
74 silly get     connection: 'keep-alive',
74 silly get     'set-cookie': [ '__cfduid=d3970d8fbfdadd677338dbf28ac4a7f591528003158; expires=Mon, 03-Jun-19 05:19:18 GMT; path=/; domain=.registry.npmjs.org; HttpOnly' ],
74 silly get     'cache-control': 'max-age=300',
74 silly get     'cf-cache-status': 'REVALIDATED',
74 silly get     'cf-ray': '424fb43ea83c2ce7-KUL',
74 silly get     etag: 'W/"6ceb376483770d161064efacc3873b9c"',
74 silly get     'expect-ct': 'max-age=604800, report-uri="https://report-uri.cloudflare.com/cdn-cgi/beacon/expect-ct"',
74 silly get     'last-modified': 'Sat, 26 May 2018 18:24:09 GMT',
74 silly get     vary: 'accept-encoding, accept',
74 silly get     server: 'cloudflare',
74 silly get     'content-encoding': 'gzip' } ]
75 verbose get saving bignum to /root/.npm/registry.npmjs.org/bignum/.cache.json
76 http 200 https://registry.npmjs.org/cli-color
77 verbose headers { date: 'Sun, 03 Jun 2018 05:19:19 GMT',
77 verbose headers   'content-type': 'application/json; charset=UTF-8',
77 verbose headers   'transfer-encoding': 'chunked',
77 verbose headers   connection: 'keep-alive',
77 verbose headers   'set-cookie': [ '__cfduid=deca6e2af9ac6a5c6fb1c738f09fcf00f1528003158; expires=Mon, 03-Jun-19 05:19:18 GMT; path=/; domain=.registry.npmjs.org; HttpOnly' ],
77 verbose headers   'cache-control': 'max-age=300',
77 verbose headers   'cf-cache-status': 'REVALIDATED',
77 verbose headers   'cf-ray': '424fb43ecfaa2d0b-KUL',
77 verbose headers   etag: 'W/"a1fed3dd6fab94103914ba385fc89763"',
77 verbose headers   'expect-ct': 'max-age=604800, report-uri="https://report-uri.cloudflare.com/cdn-cgi/beacon/expect-ct"',
77 verbose headers   'last-modified': 'Sat, 26 May 2018 19:58:38 GMT',
77 verbose headers   vary: 'accept-encoding, accept',
77 verbose headers   server: 'cloudflare',
77 verbose headers   'content-encoding': 'gzip' }
78 silly get cb [ 200,
78 silly get   { date: 'Sun, 03 Jun 2018 05:19:19 GMT',
78 silly get     'content-type': 'application/json; charset=UTF-8',
78 silly get     'transfer-encoding': 'chunked',
78 silly get     connection: 'keep-alive',
78 silly get     'set-cookie': [ '__cfduid=deca6e2af9ac6a5c6fb1c738f09fcf00f1528003158; expires=Mon, 03-Jun-19 05:19:18 GMT; path=/; domain=.registry.npmjs.org; HttpOnly' ],
78 silly get     'cache-control': 'max-age=300',
78 silly get     'cf-cache-status': 'REVALIDATED',
78 silly get     'cf-ray': '424fb43ecfaa2d0b-KUL',
78 silly get     etag: 'W/"a1fed3dd6fab94103914ba385fc89763"',
78 silly get     'expect-ct': 'max-age=604800, report-uri="https://report-uri.cloudflare.com/cdn-cgi/beacon/expect-ct"',
78 silly get     'last-modified': 'Sat, 26 May 2018 19:58:38 GMT',
78 silly get     vary: 'accept-encoding, accept',
78 silly get     server: 'cloudflare',
78 silly get     'content-encoding': 'gzip' } ]
79 verbose get saving cli-color to /root/.npm/registry.npmjs.org/cli-color/.cache.json
80 info outdated updating [ { dep:
80 info outdated      { package: [Object],
80 info outdated        path: '/root/FIMFL-pool',
80 info outdated        parent: [Object],
80 info outdated        isMissing: true },
80 info outdated     depname: 'async',
80 info outdated     current: undefined,
80 info outdated     wanted: '1.5.2',
80 info outdated     latest: '2.6.1',
80 info outdated     req: '1',
80 info outdated     what: 'async@1.5.2' },
80 info outdated   { dep:
80 info outdated      { package: [Object],
80 info outdated        path: '/root/FIMFL-pool',
80 info outdated        parent: [Object],
80 info outdated        isMissing: true },
80 info outdated     depname: 'base58-native',
80 info outdated     current: undefined,
80 info outdated     wanted: '0.1.4',
80 info outdated     latest: '0.1.4',
80 info outdated     req: '*',
80 info outdated     what: 'base58-native@0.1.4' },
80 info outdated   { dep:
80 info outdated      { package: [Object],
80 info outdated        path: '/root/FIMFL-pool',
80 info outdated        parent: [Object],
80 info outdated        isMissing: true },
80 info outdated     depname: 'bignum',
80 info outdated     current: undefined,
80 info outdated     wanted: '0.12.5',
80 info outdated     latest: '0.12.5',
80 info outdated     req: '*',
80 info outdated     what: 'bignum@0.12.5' },
80 info outdated   { dep:
80 info outdated      { package: [Object],
80 info outdated        path: '/root/FIMFL-pool',
80 info outdated        parent: [Object],
80 info outdated        isMissing: true },
80 info outdated     depname: 'cli-color',
80 info outdated     current: undefined,
80 info outdated     wanted: '1.2.0',
80 info outdated     latest: '1.2.0',
80 info outdated     req: '*',
80 info outdated     what: 'cli-color@1.2.0' },
80 info outdated   { dep:
80 info outdated      { package: [Object],
80 info outdated        path: '/root/FIMFL-pool',
80 info outdated        parent: [Object],
80 info outdated        isMissing: true },
80 info outdated     depname: 'cryptonote-util',
80 info outdated     current: undefined,
80 info outdated     wanted: 'git',
80 info outdated     latest: 'git',
80 info outdated     req: 'git://github.com/forknote/node-cryptonote-util.git',
80 info outdated     what: 'cryptonote-util@git' },
80 info outdated   { dep:
80 info outdated      { package: [Object],
80 info outdated        path: '/root/FIMFL-pool',
80 info outdated        parent: [Object],
80 info outdated        isMissing: true },
80 info outdated     depname: 'dateformat',
80 info outdated     current: undefined,
80 info outdated     wanted: '3.0.3',
80 info outdated     latest: '3.0.3',
80 info outdated     req: '*',
80 info outdated     what: 'dateformat@3.0.3' },
80 info outdated   { dep:
80 info outdated      { package: [Object],
80 info outdated        path: '/root/FIMFL-pool',
80 info outdated        parent: [Object],
80 info outdated        isMissing: true },
80 info outdated     depname: 'multi-hashing',
80 info outdated     current: undefined,
80 info outdated     wanted: 'git',
80 info outdated     latest: 'git',
80 info outdated     req: 'git://github.com/fancoder/node-multi-hashing.git',
80 info outdated     what: 'multi-hashing@git' },
80 info outdated   { dep:
80 info outdated      { package: [Object],
80 info outdated        path: '/root/FIMFL-pool',
80 info outdated        parent: [Object],
80 info outdated        isMissing: true },
80 info outdated     depname: 'redis',
80 info outdated     current: undefined,
80 info outdated     wanted: '2.8.0',
80 info outdated     latest: '2.8.0',
80 info outdated     req: '*',
80 info outdated     what: 'redis@2.8.0' } ]
81 silly loadCurrentTree Starting
82 silly install loadCurrentTree
83 silly install readLocalPackageData
84 silly fetchPackageMetaData async@1.5.2
85 silly fetchPackageMetaData base58-native@0.1.4
86 silly fetchPackageMetaData bignum@0.12.5
87 silly fetchPackageMetaData cli-color@1.2.0
88 silly fetchPackageMetaData git://github.com/forknote/node-cryptonote-util.git
89 silly fetchPackageMetaData dateformat@3.0.3
90 silly fetchPackageMetaData git://github.com/fancoder/node-multi-hashing.git
91 silly fetchPackageMetaData redis@2.8.0
92 silly fetchNamedPackageData async
93 silly mapToRegistry name async
94 silly mapToRegistry using default registry
95 silly mapToRegistry registry https://registry.npmjs.org/
96 silly mapToRegistry uri https://registry.npmjs.org/async
97 silly fetchNamedPackageData base58-native
98 silly mapToRegistry name base58-native
99 silly mapToRegistry using default registry
100 silly mapToRegistry registry https://registry.npmjs.org/
101 silly mapToRegistry uri https://registry.npmjs.org/base58-native
102 silly fetchNamedPackageData bignum
103 silly mapToRegistry name bignum
104 silly mapToRegistry using default registry
105 silly mapToRegistry registry https://registry.npmjs.org/
106 silly mapToRegistry uri https://registry.npmjs.org/bignum
107 silly fetchNamedPackageData cli-color
108 silly mapToRegistry name cli-color
109 silly mapToRegistry using default registry
110 silly mapToRegistry registry https://registry.npmjs.org/
111 silly mapToRegistry uri https://registry.npmjs.org/cli-color
112 silly fetchNamedPackageData dateformat
113 silly mapToRegistry name dateformat
114 silly mapToRegistry using default registry
115 silly mapToRegistry registry https://registry.npmjs.org/
116 silly mapToRegistry uri https://registry.npmjs.org/dateformat
117 silly fetchNamedPackageData redis
118 silly mapToRegistry name redis
119 silly mapToRegistry using default registry
120 silly mapToRegistry registry https://registry.npmjs.org/
121 silly mapToRegistry uri https://registry.npmjs.org/redis
122 silly fetchOtherPackageData git://github.com/forknote/node-cryptonote-util.git
123 silly cache add args [ 'git://github.com/forknote/node-cryptonote-util.git', null ]
124 verbose cache add spec git://github.com/forknote/node-cryptonote-util.git
125 silly fetchOtherPackageData git://github.com/fancoder/node-multi-hashing.git
126 silly cache add args [ 'git://github.com/fancoder/node-multi-hashing.git', null ]
127 verbose cache add spec git://github.com/fancoder/node-multi-hashing.git
128 silly cache add parsed spec Result {
128 silly cache add   raw: 'git://github.com/forknote/node-cryptonote-util.git',
128 silly cache add   scope: null,
128 silly cache add   name: null,
128 silly cache add   rawSpec: 'git://github.com/forknote/node-cryptonote-util.git',
128 silly cache add   spec: 'git://github.com/forknote/node-cryptonote-util.git',
128 silly cache add   type: 'hosted',
128 silly cache add   hosted:
128 silly cache add    { type: 'github',
128 silly cache add      ssh: 'git@github.com:forknote/node-cryptonote-util.git',
128 silly cache add      sshUrl: 'git+ssh://git@github.com/forknote/node-cryptonote-util.git',
128 silly cache add      httpsUrl: 'git+https://github.com/forknote/node-cryptonote-util.git',
128 silly cache add      gitUrl: 'git://github.com/forknote/node-cryptonote-util.git',
128 silly cache add      shortcut: 'github:forknote/node-cryptonote-util',
128 silly cache add      directUrl: 'https://raw.githubusercontent.com/forknote/node-cryptonote-util/master/package.json' } }
129 verbose addRemoteGit caching git://github.com/forknote/node-cryptonote-util.git
130 verbose addRemoteGit git://github.com/forknote/node-cryptonote-util.git is a repository hosted by github
131 silly tryClone cloning git://github.com/forknote/node-cryptonote-util.git via git://github.com/forknote/node-cryptonote-util.git
132 verbose tryClone git-github-com-forknote-node-cryptonote-util-git-98cce4ee not in flight; caching
133 silly cache add parsed spec Result {
133 silly cache add   raw: 'git://github.com/fancoder/node-multi-hashing.git',
133 silly cache add   scope: null,
133 silly cache add   name: null,
133 silly cache add   rawSpec: 'git://github.com/fancoder/node-multi-hashing.git',
133 silly cache add   spec: 'git://github.com/fancoder/node-multi-hashing.git',
133 silly cache add   type: 'hosted',
133 silly cache add   hosted:
133 silly cache add    { type: 'github',
133 silly cache add      ssh: 'git@github.com:fancoder/node-multi-hashing.git',
133 silly cache add      sshUrl: 'git+ssh://git@github.com/fancoder/node-multi-hashing.git',
133 silly cache add      httpsUrl: 'git+https://github.com/fancoder/node-multi-hashing.git',
133 silly cache add      gitUrl: 'git://github.com/fancoder/node-multi-hashing.git',
133 silly cache add      shortcut: 'github:fancoder/node-multi-hashing',
133 silly cache add      directUrl: 'https://raw.githubusercontent.com/fancoder/node-multi-hashing/master/package.json' } }
134 verbose addRemoteGit caching git://github.com/fancoder/node-multi-hashing.git
135 verbose addRemoteGit git://github.com/fancoder/node-multi-hashing.git is a repository hosted by github
136 silly tryClone cloning git://github.com/fancoder/node-multi-hashing.git via git://github.com/fancoder/node-multi-hashing.git
137 verbose tryClone git-github-com-fancoder-node-multi-hashing-git-251505e7 not in flight; caching
138 verbose makeDirectory /root/.npm/_git-remotes creation not in flight; initializing
139 verbose makeDirectory /root/.npm/_git-remotes creation already in flight; waiting
140 silly makeDirectory /root/.npm/_git-remotes uid: 0 gid: 0
141 verbose get https://registry.npmjs.org/async not expired, no request
142 verbose get https://registry.npmjs.org/base58-native not expired, no request
143 verbose get https://registry.npmjs.org/bignum not expired, no request
144 verbose get https://registry.npmjs.org/cli-color not expired, no request
145 verbose get https://registry.npmjs.org/dateformat not expired, no request
146 verbose get https://registry.npmjs.org/redis not expired, no request
147 info git [ 'clone',
147 info git   '--template=/root/.npm/_git-remotes/_templates',
147 info git   '--mirror',
147 info git   'git://github.com/forknote/node-cryptonote-util.git',
147 info git   '/root/.npm/_git-remotes/git-github-com-forknote-node-cryptonote-util-git-98cce4ee' ]
148 info git [ 'clone',
148 info git   '--template=/root/.npm/_git-remotes/_templates',
148 info git   '--mirror',
148 info git   'git://github.com/fancoder/node-multi-hashing.git',
148 info git   '/root/.npm/_git-remotes/git-github-com-fancoder-node-multi-hashing-git-251505e7' ]
149 error git clone --template=/root/.npm/_git-remotes/_templates --mirror git://github.com/forknote/node-cryptonote-util.git /root/.npm/_git-remotes/git-github-com-forknote-node-cryptonote-util-git-98cce4ee: Cloning into bare repository '/root/.npm/_git-remotes/git-github-com-forknote-node-cryptonote-util-git-98cce4ee'...
149 error git clone --template=/root/.npm/_git-remotes/_templates --mirror git://github.com/forknote/node-cryptonote-util.git /root/.npm/_git-remotes/git-github-com-forknote-node-cryptonote-util-git-98cce4ee: fatal: unable to connect to github.com:
149 error git clone --template=/root/.npm/_git-remotes/_templates --mirror git://github.com/forknote/node-cryptonote-util.git /root/.npm/_git-remotes/git-github-com-forknote-node-cryptonote-util-git-98cce4ee: github.com[0: 13.250.177.223]: errno=Connection refused
149 error git clone --template=/root/.npm/_git-remotes/_templates --mirror git://github.com/forknote/node-cryptonote-util.git /root/.npm/_git-remotes/git-github-com-forknote-node-cryptonote-util-git-98cce4ee: github.com[1: 13.229.188.59]: errno=Connection refused
149 error git clone --template=/root/.npm/_git-remotes/_templates --mirror git://github.com/forknote/node-cryptonote-util.git /root/.npm/_git-remotes/git-github-com-forknote-node-cryptonote-util-git-98cce4ee: github.com[2: 52.74.223.119]: errno=Connection refused
150 silly fetchPackageMetaData Error: Command failed: git clone --template=/root/.npm/_git-remotes/_templates --mirror git://github.com/forknote/node-cryptonote-util.git /root/.npm/_git-remotes/git-github-com-forknote-node-cryptonote-util-git-98cce4ee
150 silly fetchPackageMetaData Cloning into bare repository '/root/.npm/_git-remotes/git-github-com-forknote-node-cryptonote-util-git-98cce4ee'...
150 silly fetchPackageMetaData fatal: unable to connect to github.com:
150 silly fetchPackageMetaData github.com[0: 13.250.177.223]: errno=Connection refused
150 silly fetchPackageMetaData github.com[1: 13.229.188.59]: errno=Connection refused
150 silly fetchPackageMetaData github.com[2: 52.74.223.119]: errno=Connection refused
150 silly fetchPackageMetaData
150 silly fetchPackageMetaData
150 silly fetchPackageMetaData     at ChildProcess.exithandler (child_process.js:213:12)
150 silly fetchPackageMetaData     at emitTwo (events.js:87:13)
150 silly fetchPackageMetaData     at ChildProcess.emit (events.js:172:7)
150 silly fetchPackageMetaData     at maybeClose (internal/child_process.js:821:16)
150 silly fetchPackageMetaData     at Process.ChildProcess._handle.onexit (internal/child_process.js:211:5)
150 silly fetchPackageMetaData  error for git://github.com/forknote/node-cryptonote-util.git { [Error: Command failed: git clone --template=/root/.npm/_git-remotes/_templates --mirror git://github.com/forknote/node-cryptonote-util.git /root/.npm/_git-remotes/git-github-com-forknote-node-cryptonote-util-git-98cce4ee
150 silly fetchPackageMetaData Cloning into bare repository '/root/.npm/_git-remotes/git-github-com-forknote-node-cryptonote-util-git-98cce4ee'...
150 silly fetchPackageMetaData fatal: unable to connect to github.com:
150 silly fetchPackageMetaData github.com[0: 13.250.177.223]: errno=Connection refused
150 silly fetchPackageMetaData github.com[1: 13.229.188.59]: errno=Connection refused
150 silly fetchPackageMetaData github.com[2: 52.74.223.119]: errno=Connection refused
150 silly fetchPackageMetaData
150 silly fetchPackageMetaData ]
150 silly fetchPackageMetaData   killed: false,
150 silly fetchPackageMetaData   code: 128,
150 silly fetchPackageMetaData   signal: null,
150 silly fetchPackageMetaData   cmd: 'git clone --template=/root/.npm/_git-remotes/_templates --mirror git://github.com/forknote/node-cryptonote-util.git /root/.npm/_git-remotes/git-github-com-forknote-node-cryptonote-util-git-98cce4ee' }
151 error git clone --template=/root/.npm/_git-remotes/_templates --mirror git://github.com/fancoder/node-multi-hashing.git /root/.npm/_git-remotes/git-github-com-fancoder-node-multi-hashing-git-251505e7: Cloning into bare repository '/root/.npm/_git-remotes/git-github-com-fancoder-node-multi-hashing-git-251505e7'...
151 error git clone --template=/root/.npm/_git-remotes/_templates --mirror git://github.com/fancoder/node-multi-hashing.git /root/.npm/_git-remotes/git-github-com-fancoder-node-multi-hashing-git-251505e7: fatal: unable to connect to github.com:
151 error git clone --template=/root/.npm/_git-remotes/_templates --mirror git://github.com/fancoder/node-multi-hashing.git /root/.npm/_git-remotes/git-github-com-fancoder-node-multi-hashing-git-251505e7: github.com[0: 13.250.177.223]: errno=Connection refused
151 error git clone --template=/root/.npm/_git-remotes/_templates --mirror git://github.com/fancoder/node-multi-hashing.git /root/.npm/_git-remotes/git-github-com-fancoder-node-multi-hashing-git-251505e7: github.com[1: 13.229.188.59]: errno=Connection refused
151 error git clone --template=/root/.npm/_git-remotes/_templates --mirror git://github.com/fancoder/node-multi-hashing.git /root/.npm/_git-remotes/git-github-com-fancoder-node-multi-hashing-git-251505e7: github.com[2: 52.74.223.119]: errno=Connection refused
152 silly fetchPackageMetaData Error: Command failed: git clone --template=/root/.npm/_git-remotes/_templates --mirror git://github.com/fancoder/node-multi-hashing.git /root/.npm/_git-remotes/git-github-com-fancoder-node-multi-hashing-git-251505e7
152 silly fetchPackageMetaData Cloning into bare repository '/root/.npm/_git-remotes/git-github-com-fancoder-node-multi-hashing-git-251505e7'...
152 silly fetchPackageMetaData fatal: unable to connect to github.com:
152 silly fetchPackageMetaData github.com[0: 13.250.177.223]: errno=Connection refused
152 silly fetchPackageMetaData github.com[1: 13.229.188.59]: errno=Connection refused
152 silly fetchPackageMetaData github.com[2: 52.74.223.119]: errno=Connection refused
152 silly fetchPackageMetaData
152 silly fetchPackageMetaData
152 silly fetchPackageMetaData     at ChildProcess.exithandler (child_process.js:213:12)
152 silly fetchPackageMetaData     at emitTwo (events.js:87:13)
152 silly fetchPackageMetaData     at ChildProcess.emit (events.js:172:7)
152 silly fetchPackageMetaData     at maybeClose (internal/child_process.js:821:16)
152 silly fetchPackageMetaData     at Socket.<anonymous> (internal/child_process.js:319:11)
152 silly fetchPackageMetaData     at emitOne (events.js:77:13)
152 silly fetchPackageMetaData     at Socket.emit (events.js:169:7)
152 silly fetchPackageMetaData     at Pipe._onclose (net.js:469:12)
152 silly fetchPackageMetaData  error for git://github.com/fancoder/node-multi-hashing.git { [Error: Command failed: git clone --template=/root/.npm/_git-remotes/_templates --mirror git://github.com/fancoder/node-multi-hashing.git /root/.npm/_git-remotes/git-github-com-fancoder-node-multi-hashing-git-251505e7
152 silly fetchPackageMetaData Cloning into bare repository '/root/.npm/_git-remotes/git-github-com-fancoder-node-multi-hashing-git-251505e7'...
152 silly fetchPackageMetaData fatal: unable to connect to github.com:
152 silly fetchPackageMetaData github.com[0: 13.250.177.223]: errno=Connection refused
152 silly fetchPackageMetaData github.com[1: 13.229.188.59]: errno=Connection refused
152 silly fetchPackageMetaData github.com[2: 52.74.223.119]: errno=Connection refused
152 silly fetchPackageMetaData
152 silly fetchPackageMetaData ]
152 silly fetchPackageMetaData   killed: false,
152 silly fetchPackageMetaData   code: 128,
152 silly fetchPackageMetaData   signal: null,
152 silly fetchPackageMetaData   cmd: 'git clone --template=/root/.npm/_git-remotes/_templates --mirror git://github.com/fancoder/node-multi-hashing.git /root/.npm/_git-remotes/git-github-com-fancoder-node-multi-hashing-git-251505e7' }
153 silly rollbackFailedOptional Starting
154 silly rollbackFailedOptional Finishing
155 silly runTopLevelLifecycles Starting
156 silly runTopLevelLifecycles Finishing
157 silly install printInstalled
158 verbose stack Error: Command failed: git clone --template=/root/.npm/_git-remotes/_templates --mirror git://github.com/forknote/node-cryptonote-util.git /root/.npm/_git-remotes/git-github-com-forknote-node-cryptonote-util-git-98cce4ee
158 verbose stack Cloning into bare repository '/root/.npm/_git-remotes/git-github-com-forknote-node-cryptonote-util-git-98cce4ee'...
158 verbose stack fatal: unable to connect to github.com:
158 verbose stack github.com[0: 13.250.177.223]: errno=Connection refused
158 verbose stack github.com[1: 13.229.188.59]: errno=Connection refused
158 verbose stack github.com[2: 52.74.223.119]: errno=Connection refused
158 verbose stack
158 verbose stack
158 verbose stack     at ChildProcess.exithandler (child_process.js:213:12)
158 verbose stack     at emitTwo (events.js:87:13)
158 verbose stack     at ChildProcess.emit (events.js:172:7)
158 verbose stack     at maybeClose (internal/child_process.js:821:16)
158 verbose stack     at Process.ChildProcess._handle.onexit (internal/child_process.js:211:5)
159 verbose cwd /root/FIMFL-pool
160 error Linux 4.4.0-24-generic
161 error argv "/usr/bin/nodejs" "/usr/bin/npm" "update"
162 error node v4.2.6
163 error npm  v3.5.2
164 error code 128
165 error Command failed: git clone --template=/root/.npm/_git-remotes/_templates --mirror git://github.com/forknote/node-cryptonote-util.git /root/.npm/_git-remotes/git-github-com-forknote-node-cryptonote-util-git-98cce4ee
165 error Cloning into bare repository '/root/.npm/_git-remotes/git-github-com-forknote-node-cryptonote-util-git-98cce4ee'...
165 error fatal: unable to connect to github.com:
165 error github.com[0: 13.250.177.223]: errno=Connection refused
165 error github.com[1: 13.229.188.59]: errno=Connection refused
165 error github.com[2: 52.74.223.119]: errno=Connection refused
166 error If you need help, you may report this error at:
166 error     <https://github.com/npm/npm/issues>
167 verbose exit [ 1, true ]
